<?xml version="1.0" encoding="UTF-8"?>
<!-- Generated by org.testng.reporters.JUnitReportReporter -->
<testsuite skipped="0" hostname="PC382947" name="com.easybix.Issue.Test001" tests="1" failures="0" timestamp="02 Aug 2018 10:45:23 GMT" time="2.725" errors="0">
  <testcase name="testGet" time="2.725" classname="com.easybix.Issue.Test001"/>
</testsuite> <!-- com.easybix.Issue.Test001 -->
