<?xml version="1.0" encoding="UTF-8"?>
<!-- Generated by org.testng.reporters.JUnitReportReporter -->
<testsuite skipped="0" hostname="PC382947" name="com.easybix.Issue.JsonplaceholderTest001" tests="1" failures="0" timestamp="19 Jul 2018 09:17:30 GMT" time="2.816" errors="0">
  <testcase name="validateGetRequest" time="2.816" classname="com.easybix.Issue.JsonplaceholderTest001"/>
</testsuite> <!-- com.easybix.Issue.JsonplaceholderTest001 -->
